<?xml version="1.0" encoding="UTF-8" ?>
<testsuite tests="49" failures="0" name="bp.BloodPressureTest" time="0.507" errors="0" skipped="0">
  <properties>
    <property name="java.runtime.name" value="Java(TM) SE Runtime Environment"/>
    <property name="java.vm.version" value="11.0.19+9-LTS-224"/>
    <property name="sun.boot.library.path" value="C:\Program Files\Java\jdk-11\bin"/>
    <property name="maven.multiModuleProjectDirectory" value="C:\Users\ruchi\Study\TU_Ruchira\SEM 3\Enterprise Deployment\CA2\repo\CA_X00193212\EAD_WS_CA1_2023"/>
    <property name="java.vm.vendor" value="Oracle Corporation"/>
    <property name="java.vendor.url" value="https://openjdk.java.net/"/>
    <property name="guice.disable.misplaced.annotation.check" value="true"/>
    <property name="path.separator" value=";"/>
    <property name="java.vm.name" value="Java HotSpot(TM) 64-Bit Server VM"/>
    <property name="sun.os.patch.level" value=""/>
    <property name="user.script" value=""/>
    <property name="user.country" value="IN"/>
    <property name="sun.java.launcher" value="SUN_STANDARD"/>
    <property name="java.vm.specification.name" value="Java Virtual Machine Specification"/>
    <property name="user.dir" value="C:\Users\ruchi\Study\TU_Ruchira\SEM 3\Enterprise Deployment\CA2\repo\CA_X00193212\EAD_WS_CA1_2023"/>
    <property name="java.vm.compressedOopsMode" value="32-bit"/>
    <property name="java.runtime.version" value="11.0.19+9-LTS-224"/>
    <property name="java.awt.graphicsenv" value="sun.awt.Win32GraphicsEnvironment"/>
    <property name="os.arch" value="amd64"/>
    <property name="java.io.tmpdir" value="C:\Users\ruchi\AppData\Local\Temp\"/>
    <property name="line.separator" value="
"/>
    <property name="java.vm.specification.vendor" value="Oracle Corporation"/>
    <property name="user.variant" value=""/>
    <property name="os.name" value="Windows 11"/>
    <property name="classworlds.conf" value="C:\Program Files (x86)\apache-maven-3.6.3\bin\..\bin\m2.conf"/>
    <property name="sun.jnu.encoding" value="Cp1252"/>
    <property name="java.library.path" value="C:\Program Files\Java\jdk-11\bin;C:\WINDOWS\Sun\Java\bin;C:\WINDOWS\system32;C:\WINDOWS;C:\Program Files\Common Files\Oracle\Java\javapath;C:\Program Files (x86)\Microsoft SDKs\Azure\CLI2\wbin;C:\WINDOWS\system32;C:\WINDOWS;C:\WINDOWS\System32\Wbem;C:\WINDOWS\System32\WindowsPowerShell\v1.0\;C:\WINDOWS\System32\OpenSSH\;C:\Program Files (x86)\apache-maven-3.6.3\bin;C:\Program Files\Git\cmd;C:\Users\ruchi\AppData\Local\Android\Sdk\tools\bin;C:\Users\ruchi\AppData\Local\Android\Sdk\tools;node_modules\npm\bin;C:\Program Files\Java\jdk-14.0.2\bin;C:\Program Files (x86)\PuTTY\;C:\Program Files (x86)\dotnet\;C:\Program Files\Amazon\AWSCLIV2\;C:\ProgramData\chocolatey\bin;C:\Program Files\Microsoft SQL Server\150\Tools\Binn\;C:\Program Files\Microsoft SQL Server\Client SDK\ODBC\170\Tools\Binn\;C:\Program Files\dotnet\;C:\Program Files\Docker\Docker\resources\bin;C:\Strawberry\c\bin;C:\Strawberry\perl\site\bin;C:\Strawberry\perl\bin;C:\minikube;C:\Program Files\Kubernetes\Minikube;C:\Users\ruchi\AppData\Roaming\nvm;C:\Program Files\nodejs;C:\Users\ruchi\AppData\Local\Microsoft\WindowsApps;C:\Users\ruchi\Binaries;C:\Users\ruchi\AppData\Local\atom\bin;C:\Users\ruchi\AppData\Local\Microsoft\WindowsApps;C:\Users\ruchi\.dotnet\tools;C:\Users\ruchi\AppData\Local\Programs\Microsoft VS Code\bin;C:\Users\ruchi\AppData\Local\Programs\MiKTeX\miktex\bin\x64\;C:\Users\ruchi\Study\TU_Ruchira\SEM 3\istio-installation\istio-1.17.1\bin;C:\Users\ruchi\AppData\Roaming\npm;node_modules\npm\bin;C:\Users\ruchi\AppData\Roaming\nvm;C:\Program Files\nodejs;C:\Program Files\Java\jdk-11;C:\Program Files\JetBrains\IntelliJ IDEA Community Edition 2023.1\bin;;;."/>
    <property name="maven.conf" value="C:\Program Files (x86)\apache-maven-3.6.3\bin\../conf"/>
    <property name="jdk.debug" value="release"/>
    <property name="java.class.version" value="55.0"/>
    <property name="java.specification.name" value="Java Platform API Specification"/>
    <property name="sun.management.compiler" value="HotSpot 64-Bit Tiered Compilers"/>
    <property name="os.version" value="10.0"/>
    <property name="library.jansi.path" value="C:\Program Files (x86)\apache-maven-3.6.3\bin\..\lib\jansi-native"/>
    <property name="user.home" value="C:\Users\ruchi"/>
    <property name="user.timezone" value="Europe/London"/>
    <property name="java.awt.printerjob" value="sun.awt.windows.WPrinterJob"/>
    <property name="file.encoding" value="Cp1252"/>
    <property name="java.specification.version" value="11"/>
    <property name="user.name" value="ruchi"/>
    <property name="java.class.path" value="C:\Program Files (x86)\apache-maven-3.6.3\bin\..\boot\plexus-classworlds-2.6.0.jar"/>
    <property name="java.vm.specification.version" value="11"/>
    <property name="sun.arch.data.model" value="64"/>
    <property name="sun.java.command" value="org.codehaus.plexus.classworlds.launcher.Launcher clean package"/>
    <property name="java.home" value="C:\Program Files\Java\jdk-11"/>
    <property name="user.language" value="en"/>
    <property name="java.specification.vendor" value="Oracle Corporation"/>
    <property name="awt.toolkit" value="sun.awt.windows.WToolkit"/>
    <property name="java.vm.info" value="mixed mode"/>
    <property name="java.version" value="11.0.19"/>
    <property name="java.vendor" value="Oracle Corporation"/>
    <property name="sun.stderr.encoding" value="cp437"/>
    <property name="maven.home" value="C:\Program Files (x86)\apache-maven-3.6.3\bin\.."/>
    <property name="file.separator" value="\"/>
    <property name="java.version.date" value="2023-04-18"/>
    <property name="java.vendor.url.bug" value="https://bugreport.java.com/bugreport/"/>
    <property name="sun.io.unicode.encoding" value="UnicodeLittle"/>
    <property name="sun.cpu.endian" value="little"/>
    <property name="java.vendor.version" value="18.9"/>
    <property name="sun.stdout.encoding" value="cp437"/>
    <property name="sun.desktop" value="windows"/>
    <property name="sun.cpu.isalist" value="amd64"/>
  </properties>
  <testcase classname="bp.BloodPressureTest" name="testSetSystolic_systolicTooLow_returnsInvalidValue[0]" time="0.255"/>
  <testcase classname="bp.BloodPressureTest" name="testSetDiastolic_diastolicTooHigh_returnsInvalidValue[0]" time="0.001"/>
  <testcase classname="bp.BloodPressureTest" name="testSetDiastolic_diastolicTooLow_returnsInvalidValue[0]" time="0.001"/>
  <testcase classname="bp.BloodPressureTest" name="testSetDiastolic_diastolicValid_setsValue[0]" time="0.002"/>
  <testcase classname="bp.BloodPressureTest" name="testSetSystolic_systolicValid_setsValue[0]" time="0.007"/>
  <testcase classname="bp.BloodPressureTest" name="testSetSystolic_systolicTooHigh_returnsInvalidValue[0]" time="0.001"/>
  <testcase classname="bp.BloodPressureTest" name="testSetBPCategory[0]" time="0"/>
  <testcase classname="bp.BloodPressureTest" name="testSetSystolic_systolicTooLow_returnsInvalidValue[1]" time="0.003"/>
  <testcase classname="bp.BloodPressureTest" name="testSetDiastolic_diastolicTooHigh_returnsInvalidValue[1]" time="0.005"/>
  <testcase classname="bp.BloodPressureTest" name="testSetDiastolic_diastolicTooLow_returnsInvalidValue[1]" time="0.005"/>
  <testcase classname="bp.BloodPressureTest" name="testSetDiastolic_diastolicValid_setsValue[1]" time="0.003"/>
  <testcase classname="bp.BloodPressureTest" name="testSetSystolic_systolicValid_setsValue[1]" time="0.002"/>
  <testcase classname="bp.BloodPressureTest" name="testSetSystolic_systolicTooHigh_returnsInvalidValue[1]" time="0.003"/>
  <testcase classname="bp.BloodPressureTest" name="testSetBPCategory[1]" time="0"/>
  <testcase classname="bp.BloodPressureTest" name="testSetSystolic_systolicTooLow_returnsInvalidValue[2]" time="0.005"/>
  <testcase classname="bp.BloodPressureTest" name="testSetDiastolic_diastolicTooHigh_returnsInvalidValue[2]" time="0.004"/>
  <testcase classname="bp.BloodPressureTest" name="testSetDiastolic_diastolicTooLow_returnsInvalidValue[2]" time="0.004"/>
  <testcase classname="bp.BloodPressureTest" name="testSetDiastolic_diastolicValid_setsValue[2]" time="0.003"/>
  <testcase classname="bp.BloodPressureTest" name="testSetSystolic_systolicValid_setsValue[2]" time="0.011"/>
  <testcase classname="bp.BloodPressureTest" name="testSetSystolic_systolicTooHigh_returnsInvalidValue[2]" time="0.002"/>
  <testcase classname="bp.BloodPressureTest" name="testSetBPCategory[2]" time="0"/>
  <testcase classname="bp.BloodPressureTest" name="testSetSystolic_systolicTooLow_returnsInvalidValue[3]" time="0.005"/>
  <testcase classname="bp.BloodPressureTest" name="testSetDiastolic_diastolicTooHigh_returnsInvalidValue[3]" time="0.001"/>
  <testcase classname="bp.BloodPressureTest" name="testSetDiastolic_diastolicTooLow_returnsInvalidValue[3]" time="0.002"/>
  <testcase classname="bp.BloodPressureTest" name="testSetDiastolic_diastolicValid_setsValue[3]" time="0.001"/>
  <testcase classname="bp.BloodPressureTest" name="testSetSystolic_systolicValid_setsValue[3]" time="0.007"/>
  <testcase classname="bp.BloodPressureTest" name="testSetSystolic_systolicTooHigh_returnsInvalidValue[3]" time="0.005"/>
  <testcase classname="bp.BloodPressureTest" name="testSetBPCategory[3]" time="0"/>
  <testcase classname="bp.BloodPressureTest" name="testSetSystolic_systolicTooLow_returnsInvalidValue[4]" time="0.011"/>
  <testcase classname="bp.BloodPressureTest" name="testSetDiastolic_diastolicTooHigh_returnsInvalidValue[4]" time="0.001"/>
  <testcase classname="bp.BloodPressureTest" name="testSetDiastolic_diastolicTooLow_returnsInvalidValue[4]" time="0.003"/>
  <testcase classname="bp.BloodPressureTest" name="testSetDiastolic_diastolicValid_setsValue[4]" time="0.01"/>
  <testcase classname="bp.BloodPressureTest" name="testSetSystolic_systolicValid_setsValue[4]" time="0.013"/>
  <testcase classname="bp.BloodPressureTest" name="testSetSystolic_systolicTooHigh_returnsInvalidValue[4]" time="0.002"/>
  <testcase classname="bp.BloodPressureTest" name="testSetBPCategory[4]" time="0"/>
  <testcase classname="bp.BloodPressureTest" name="testSetSystolic_systolicTooLow_returnsInvalidValue[5]" time="0.001"/>
  <testcase classname="bp.BloodPressureTest" name="testSetDiastolic_diastolicTooHigh_returnsInvalidValue[5]" time="0.004"/>
  <testcase classname="bp.BloodPressureTest" name="testSetDiastolic_diastolicTooLow_returnsInvalidValue[5]" time="0.003"/>
  <testcase classname="bp.BloodPressureTest" name="testSetDiastolic_diastolicValid_setsValue[5]" time="0.002"/>
  <testcase classname="bp.BloodPressureTest" name="testSetSystolic_systolicValid_setsValue[5]" time="0.001"/>
  <testcase classname="bp.BloodPressureTest" name="testSetSystolic_systolicTooHigh_returnsInvalidValue[5]" time="0.005"/>
  <testcase classname="bp.BloodPressureTest" name="testSetBPCategory[5]" time="0"/>
  <testcase classname="bp.BloodPressureTest" name="testSetSystolic_systolicTooLow_returnsInvalidValue[6]" time="0.046"/>
  <testcase classname="bp.BloodPressureTest" name="testSetDiastolic_diastolicTooHigh_returnsInvalidValue[6]" time="0.018"/>
  <testcase classname="bp.BloodPressureTest" name="testSetDiastolic_diastolicTooLow_returnsInvalidValue[6]" time="0.038"/>
  <testcase classname="bp.BloodPressureTest" name="testSetDiastolic_diastolicValid_setsValue[6]" time="0.008"/>
  <testcase classname="bp.BloodPressureTest" name="testSetSystolic_systolicValid_setsValue[6]" time="0.002"/>
  <testcase classname="bp.BloodPressureTest" name="testSetSystolic_systolicTooHigh_returnsInvalidValue[6]" time="0.001"/>
  <testcase classname="bp.BloodPressureTest" name="testSetBPCategory[6]" time="0"/>
</testsuite>